<?xml version="1.0" encoding="UTF-8" ?>
<testsuites errors="0"
            failures="1"
            tests="1">

  <testsuite name="test"
    errors="0" failures="1" hostname="" id="" package="test" skipped="0"
    tests="1" time="8.825" timestamp="">
  
    <testcase name="weissbrett e2e tests" classname="test" time="8.825" assertions="7">

    

    

    

    

    

      <failure message="Testing if element [0;33m&lt;.v-dialog--active .v-list-item__title&gt;[0m contains text [0;33m&#39;Awesome new title&#39;[0m in 5000ms - expected [0;32m&#34;contains text &#39;Awesome new title&#39;&#34;[0m but got: [0;31m&#34;does not contain &#39;Awesome new title&#39;&#34;[0m [0;90m(5397ms)[0m">    at Object.weissbrett e2e tests (D:\FH\2_Semester\HUEX\Assignment1\huex-assignment1\huex1\tests\e2e\specs\test.js:20:15)
    at processTicksAndRejections (internal/process/task_queues.js:97:5)</failure>

    
      <failure message="    at Object.weissbrett e2e tests (D:\FH\2_Semester\HUEX\Assignment1\huex-assignment1\huex1\tests\e2e\specs\test.js:20:15)">    at processTicksAndRejections (internal/process/task_queues.js:97:5)</failure>
    </testcase>
  

  

  
  </testsuite>
</testsuites>
